[2022-12-17T14:58:25.778+0000] {taskinstance.py:1165} INFO - Dependencies all met for <TaskInstance: currency_monthly.Daily_Currency_Avg manual__2022-12-17T14:58:21.467176+00:00 [queued]>
[2022-12-17T14:58:25.807+0000] {taskinstance.py:1165} INFO - Dependencies all met for <TaskInstance: currency_monthly.Daily_Currency_Avg manual__2022-12-17T14:58:21.467176+00:00 [queued]>
[2022-12-17T14:58:25.808+0000] {taskinstance.py:1362} INFO - 
--------------------------------------------------------------------------------
[2022-12-17T14:58:25.812+0000] {taskinstance.py:1363} INFO - Starting attempt 1 of 1
[2022-12-17T14:58:25.813+0000] {taskinstance.py:1364} INFO - 
--------------------------------------------------------------------------------
[2022-12-17T14:58:25.847+0000] {taskinstance.py:1383} INFO - Executing <Task(BashOperator): Daily_Currency_Avg> on 2022-12-17 14:58:21.467176+00:00
[2022-12-17T14:58:25.858+0000] {standard_task_runner.py:55} INFO - Started process 3228 to run task
[2022-12-17T14:58:25.866+0000] {standard_task_runner.py:82} INFO - Running: ['***', 'tasks', 'run', 'currency_monthly', 'Daily_Currency_Avg', 'manual__2022-12-17T14:58:21.467176+00:00', '--job-id', '12', '--raw', '--subdir', 'DAGS_FOLDER/dag_currency_monthly.py', '--cfg-path', '/tmp/tmpvgw94ih5']
[2022-12-17T14:58:25.868+0000] {standard_task_runner.py:83} INFO - Job 12: Subtask Daily_Currency_Avg
[2022-12-17T14:58:26.027+0000] {task_command.py:376} INFO - Running <TaskInstance: currency_monthly.Daily_Currency_Avg manual__2022-12-17T14:58:21.467176+00:00 [running]> on host dc5e6801fe25
[2022-12-17T14:58:26.223+0000] {taskinstance.py:1590} INFO - Exporting the following env vars:
AIRFLOW_CTX_DAG_OWNER=handoyo
AIRFLOW_CTX_DAG_ID=currency_monthly
AIRFLOW_CTX_TASK_ID=Daily_Currency_Avg
AIRFLOW_CTX_EXECUTION_DATE=2022-12-17T14:58:21.467176+00:00
AIRFLOW_CTX_TRY_NUMBER=1
AIRFLOW_CTX_DAG_RUN_ID=manual__2022-12-17T14:58:21.467176+00:00
[2022-12-17T14:58:26.231+0000] {subprocess.py:63} INFO - Tmp dir root location: 
 /tmp
[2022-12-17T14:58:26.233+0000] {subprocess.py:75} INFO - Running command: ['/bin/bash', '-c', 'python /opt/***/scripts/fact_currency_daily_avg.py']
[2022-12-17T14:58:26.260+0000] {subprocess.py:86} INFO - Output:
[2022-12-17T14:58:29.321+0000] {subprocess.py:93} INFO -    currency_id        date  daily_rate_avg
[2022-12-17T14:58:29.328+0000] {subprocess.py:93} INFO - 0            1  2022-12-14        0.860214
[2022-12-17T14:58:29.329+0000] {subprocess.py:93} INFO - 2            2  2022-12-14        1.062536
[2022-12-17T14:58:29.333+0000] {subprocess.py:93} INFO - 4            3  2022-12-14        0.941145
[2022-12-17T14:58:29.334+0000] {subprocess.py:93} INFO - 1            1  2022-12-15        0.861932
[2022-12-17T14:58:29.340+0000] {subprocess.py:93} INFO - 3            2  2022-12-15        1.062708
[2022-12-17T14:58:29.341+0000] {subprocess.py:93} INFO - 5            3  2022-12-15        0.940994
[2022-12-17T14:58:29.529+0000] {subprocess.py:97} INFO - Command exited with return code 0
[2022-12-17T14:58:29.587+0000] {taskinstance.py:1401} INFO - Marking task as SUCCESS. dag_id=currency_monthly, task_id=Daily_Currency_Avg, execution_date=20221217T145821, start_date=20221217T145825, end_date=20221217T145829
[2022-12-17T14:58:29.642+0000] {local_task_job.py:159} INFO - Task exited with return code 0
[2022-12-17T14:58:29.693+0000] {taskinstance.py:2623} INFO - 1 downstream tasks scheduled from follow-on schedule check
